<?xml version="1.0" encoding="UTF-8"?>
<!-- Generated by org.testng.reporters.JUnitReportReporter -->
<testsuite hostname="DESKTOP-94JFT5J" failures="0" tests="3" name="testNGpckg.CrossBrowserTest" time="10.866" errors="0" timestamp="2025-11-17T15:36:43 IST" skipped="0">
  <testcase classname="testNGpckg.CrossBrowserTest" name="google" time="3.218"/>
  <testcase classname="testNGpckg.CrossBrowserTest" name="google" time="4.280"/>
  <testcase classname="testNGpckg.CrossBrowserTest" name="google" time="3.368"/>
</testsuite> <!-- testNGpckg.CrossBrowserTest -->
