<?xml version="1.0" encoding="UTF-8"?>
<!-- Generated by org.testng.reporters.JUnitReportReporter -->
<testsuite hostname="DESKTOP-94JFT5J" failures="0" tests="4" name="testNGpckg.TestNgDemoPgm" time="0.032" errors="0" timestamp="2025-11-03T15:07:29 IST" skipped="0">
  <testcase classname="testNGpckg.TestNgDemoPgm" name="test3" time="0.006"/>
  <testcase classname="testNGpckg.TestNgDemoPgm" name="test2" time="0.008"/>
  <testcase classname="testNGpckg.TestNgDemoPgm" name="test1" time="0.013"/>
  <testcase classname="testNGpckg.TestNgDemoPgm" name="test4" time="0.005"/>
</testsuite> <!-- testNGpckg.TestNgDemoPgm -->
