<?xml version="1.0" encoding="UTF-8"?>
<!-- Generated by org.testng.reporters.JUnitReportReporter -->
<testsuite hostname="DESKTOP-94JFT5J" failures="0" tests="6" name="testNGpckg.AnnotationFeaturesDemo" time="0.041" errors="0" timestamp="2025-11-03T15:46:47 IST" skipped="1">
  <testcase classname="testNGpckg.AnnotationFeaturesDemo" name="test2" time="0.013"/>
  <testcase classname="testNGpckg.AnnotationFeaturesDemo" name="test4" time="0.009"/>
  <testcase classname="testNGpckg.AnnotationFeaturesDemo" name="test1" time="0.007"/>
  <testcase classname="testNGpckg.AnnotationFeaturesDemo" name="test1" time="0.009"/>
  <testcase classname="testNGpckg.AnnotationFeaturesDemo" name="test1" time="0.003"/>
  <testcase classname="testNGpckg.AnnotationFeaturesDemo" name="test3">
    <skipped/>
  </testcase> <!-- test3 -->
</testsuite> <!-- testNGpckg.AnnotationFeaturesDemo -->
